#
# A fatal error has been detected by the Java Runtime Environment:
#
#  Internal Error (generateOopMap.cpp:2164), pid=23471, tid=23484
#  fatal error: Illegal class file encountered. Try running with -Xverify:all in method testIteratorHasNext
#
# JRE version: OpenJDK Runtime Environment (11.0.1+13) (build 11.0.1+13-Ubuntu-3ubuntu118.04ppa1)
# Java VM: OpenJDK 64-Bit Server VM (11.0.1+13-Ubuntu-3ubuntu118.04ppa1, mixed mode, sharing, tiered, compressed oops, g1 gc, linux-amd64)
# Core dump will be written. Default location: Core dumps may be processed with "/usr/share/apport/apport %p %s %c %d %P" (or dumping to /home/daria/eclipse-workspace/my-hw/hw04-0036480046/core.23471)
#
# If you would like to submit a bug report, please visit:
#   http://bugreport.java.com/bugreport/crash.jsp
#

---------------  S U M M A R Y ------------

Command Line: -agentlib:jdwp=transport=dt_socket,suspend=y,address=localhost:40767 -ea -javaagent:/home/daria/eclipse-jee-2018-12-R-linux-gtk-x86_64/eclipse/configuration/org.eclipse.osgi/400/0/.cp/lib/javaagent-shaded.jar -Dfile.encoding=UTF-8 org.eclipse.jdt.internal.junit.runner.RemoteTestRunner -version 3 -port 36475 -testLoaderClass org.eclipse.jdt.internal.junit5.runner.JUnit5TestLoader -loaderpluginname org.eclipse.jdt.junit5.runtime -test hr.fer.zemris.java.custom.collections.SimpleHashtableTest:testIteratorHasNext -uniqueId [engine:junit-jupiter]/[class:hr.fer.zemris.java.custom.collections.SimpleHashtableTest]/[method:testIteratorHasNext()]

Host: Intel(R) Core(TM) i5-3230M CPU @ 2.60GHz, 4 cores, 3G, Ubuntu 18.04.2 LTS
Time: Wed Apr  3 14:51:10 2019 CEST elapsed time: 143 seconds (0d 0h 2m 23s)

---------------  T H R E A D  ---------------

Current thread (0x00007f931811c800):  VMThread "VM Thread" [stack: 0x00007f9300404000,0x00007f9300504000] [id=23484]

Stack: [0x00007f9300404000,0x00007f9300504000],  sp=0x00007f93005019f0,  free space=1014k
Native frames: (J=compiled Java code, A=aot compiled Java code, j=interpreted, Vv=VM code, C=native code)
V  [libjvm.so+0xe1d307]
V  [libjvm.so+0xe1df1f]
V  [libjvm.so+0x68e61a]
V  [libjvm.so+0x7eaa78]
V  [libjvm.so+0x7eab4b]
V  [libjvm.so+0x7ec48c]
V  [libjvm.so+0x7edf06]
V  [libjvm.so+0x7ef72c]
V  [libjvm.so+0x7f228d]
V  [libjvm.so+0x7f2639]
V  [libjvm.so+0xbe479a]
V  [libjvm.so+0xbe4d1b]
V  [libjvm.so+0xb72f46]
V  [libjvm.so+0xa02c6c]
V  [libjvm.so+0xe2fa28]
V  [libjvm.so+0xe2d2a6]
V  [libjvm.so+0xe2d76e]
V  [libjvm.so+0xe2db9b]
V  [libjvm.so+0xbfc3f0]

VM_Operation (0x00007f92eaf96930): GetOrSetLocal, mode: safepoint, requested by thread 0x00007f9318184800


---------------  P R O C E S S  ---------------

Threads class SMR info:
_java_thread_list=0x00007f92a82729c0, length=13, elements={
0x00007f9318014000, 0x00007f931811f000, 0x00007f9318121000, 0x00007f9318127800,
0x00007f931812a000, 0x00007f931812c000, 0x00007f931812e000, 0x00007f931813b800,
0x00007f9318184800, 0x00007f9318188800, 0x00007f92c4001800, 0x00007f9318253000,
0x00007f93183ca000
}

Java Threads: ( => current thread )
  0x00007f9318014000 JavaThread "main" [_thread_blocked, id=23476, stack(0x00007f9321287000,0x00007f9321388000)]
  0x00007f931811f000 JavaThread "Reference Handler" daemon [_thread_blocked, id=23485, stack(0x00007f9300301000,0x00007f9300402000)]
  0x00007f9318121000 JavaThread "Finalizer" daemon [_thread_blocked, id=23486, stack(0x00007f9300200000,0x00007f9300301000)]
  0x00007f9318127800 JavaThread "Signal Dispatcher" daemon [_thread_blocked, id=23487, stack(0x00007f93000ff000,0x00007f9300200000)]
  0x00007f931812a000 JavaThread "C2 CompilerThread0" daemon [_thread_blocked, id=23489, stack(0x00007f92f814f000,0x00007f92f8250000)]
  0x00007f931812c000 JavaThread "C1 CompilerThread0" daemon [_thread_blocked, id=23490, stack(0x00007f92f804e000,0x00007f92f814f000)]
  0x00007f931812e000 JavaThread "Sweeper thread" daemon [_thread_blocked, id=23491, stack(0x00007f92eb29f000,0x00007f92eb3a0000)]
  0x00007f931813b800 JavaThread "Common-Cleaner" daemon [_thread_blocked, id=23492, stack(0x00007f92eb19e000,0x00007f92eb29f000)]
  0x00007f9318184800 JavaThread "JDWP Transport Listener: dt_socket" daemon [_thread_blocked, id=23494, stack(0x00007f92eae97000,0x00007f92eaf98000)] _threads_hazard_ptr=0x00007f92a82729c0
  0x00007f9318188800 JavaThread "JDWP Event Helper Thread" daemon [_thread_blocked, id=23497, stack(0x00007f92ead96000,0x00007f92eae97000)]
  0x00007f92c4001800 JavaThread "JDWP Command Reader" daemon [_thread_in_native, id=23498, stack(0x00007f92eac95000,0x00007f92ead96000)]
  0x00007f9318253000 JavaThread "Service Thread" daemon [_thread_blocked, id=23501, stack(0x00007f92ea76c000,0x00007f92ea86d000)]
  0x00007f93183ca000 JavaThread "ReaderThread" [_thread_in_native, id=23504, stack(0x00007f92ea265000,0x00007f92ea366000)]

Other Threads:
=>0x00007f931811c800 VMThread "VM Thread" [stack: 0x00007f9300404000,0x00007f9300504000] [id=23484]
  0x00007f931825a800 WatcherThread [stack: 0x00007f92ea66c000,0x00007f92ea76c000] [id=23502]
  0x00007f931802a800 GCTaskThread "GC Thread#0" [stack: 0x00007f931ce05000,0x00007f931cf05000] [id=23478]
  0x00007f92e0009000 GCTaskThread "GC Thread#1" [stack: 0x00007f92ea165000,0x00007f92ea265000] [id=23505]
  0x00007f92e000a800 GCTaskThread "GC Thread#2" [stack: 0x00007f92ea063000,0x00007f92ea163000] [id=23506]
  0x00007f92e000c000 GCTaskThread "GC Thread#3" [stack: 0x00007f92e9f61000,0x00007f92ea061000] [id=23507]
  0x00007f9318044800 ConcurrentGCThread "G1 Main Marker" [stack: 0x00007f931c36e000,0x00007f931c46e000] [id=23479]
  0x00007f9318046800 ConcurrentGCThread "G1 Conc#0" [stack: 0x00007f931c26c000,0x00007f931c36c000] [id=23480]
  0x00007f9318088000 ConcurrentGCThread "G1 Refine#0" [stack: 0x00007f9300689000,0x00007f9300789000] [id=23482]
  0x00007f931808a000 ConcurrentGCThread "G1 Young RemSet Sampling" [stack: 0x00007f9300587000,0x00007f9300687000] [id=23483]

Threads with active compile tasks:

VM state:at safepoint (normal execution)

VM Mutex/Monitor currently owned by a thread:  ([mutex/lock_event])
[0x00007f93180102a0] Threads_lock - owner thread: 0x00007f931811c800

Heap address: 0x00000000c4a00000, size: 950 MB, Compressed Oops mode: 32-bit
Narrow klass base: 0x0000000800000000, Narrow klass shift: 3
Compressed class space size: 1073741824 Address: 0x0000000840000000

Heap:
 garbage-first heap   total 63488K, used 15679K [0x00000000c4a00000, 0x0000000100000000)
  region size 1024K, 16 young (16384K), 2 survivors (2048K)
 Metaspace       used 6114K, capacity 7241K, committed 7296K, reserved 1056768K
  class space    used 685K, capacity 860K, committed 896K, reserved 1048576K
Heap Regions: E=young(eden), S=young(survivor), O=old, HS=humongous(starts), HC=humongous(continues), CS=collection set, F=free, A=archive, TAMS=top-at-mark-start (previous, next)
|   0|0x00000000c4a00000, 0x00000000c4a00000, 0x00000000c4b00000|  0%| F|  |TAMS 0x00000000c4a00000, 0x00000000c4a00000| Untracked 
|   1|0x00000000c4b00000, 0x00000000c4b00000, 0x00000000c4c00000|  0%| F|  |TAMS 0x00000000c4b00000, 0x00000000c4b00000| Untracked 
|   2|0x00000000c4c00000, 0x00000000c4c00000, 0x00000000c4d00000|  0%| F|  |TAMS 0x00000000c4c00000, 0x00000000c4c00000| Untracked 
|   3|0x00000000c4d00000, 0x00000000c4d00000, 0x00000000c4e00000|  0%| F|  |TAMS 0x00000000c4d00000, 0x00000000c4d00000| Untracked 
|   4|0x00000000c4e00000, 0x00000000c4e00000, 0x00000000c4f00000|  0%| F|  |TAMS 0x00000000c4e00000, 0x00000000c4e00000| Untracked 
|   5|0x00000000c4f00000, 0x00000000c4f00000, 0x00000000c5000000|  0%| F|  |TAMS 0x00000000c4f00000, 0x00000000c4f00000| Untracked 
|   6|0x00000000c5000000, 0x00000000c5000000, 0x00000000c5100000|  0%| F|  |TAMS 0x00000000c5000000, 0x00000000c5000000| Untracked 
|   7|0x00000000c5100000, 0x00000000c5100000, 0x00000000c5200000|  0%| F|  |TAMS 0x00000000c5100000, 0x00000000c5100000| Untracked 
|   8|0x00000000c5200000, 0x00000000c5200000, 0x00000000c5300000|  0%| F|  |TAMS 0x00000000c5200000, 0x00000000c5200000| Untracked 
|   9|0x00000000c5300000, 0x00000000c5300000, 0x00000000c5400000|  0%| F|  |TAMS 0x00000000c5300000, 0x00000000c5300000| Untracked 
|  10|0x00000000c5400000, 0x00000000c5400000, 0x00000000c5500000|  0%| F|  |TAMS 0x00000000c5400000, 0x00000000c5400000| Untracked 
|  11|0x00000000c5500000, 0x00000000c5500000, 0x00000000c5600000|  0%| F|  |TAMS 0x00000000c5500000, 0x00000000c5500000| Untracked 
|  12|0x00000000c5600000, 0x00000000c5600000, 0x00000000c5700000|  0%| F|  |TAMS 0x00000000c5600000, 0x00000000c5600000| Untracked 
|  13|0x00000000c5700000, 0x00000000c5700000, 0x00000000c5800000|  0%| F|  |TAMS 0x00000000c5700000, 0x00000000c5700000| Untracked 
|  14|0x00000000c5800000, 0x00000000c5800000, 0x00000000c5900000|  0%| F|  |TAMS 0x00000000c5800000, 0x00000000c5800000| Untracked 
|  15|0x00000000c5900000, 0x00000000c5900000, 0x00000000c5a00000|  0%| F|  |TAMS 0x00000000c5900000, 0x00000000c5900000| Untracked 
|  16|0x00000000c5a00000, 0x00000000c5a00000, 0x00000000c5b00000|  0%| F|  |TAMS 0x00000000c5a00000, 0x00000000c5a00000| Untracked 
|  17|0x00000000c5b00000, 0x00000000c5b00000, 0x00000000c5c00000|  0%| F|  |TAMS 0x00000000c5b00000, 0x00000000c5b00000| Untracked 
|  18|0x00000000c5c00000, 0x00000000c5c00000, 0x00000000c5d00000|  0%| F|  |TAMS 0x00000000c5c00000, 0x00000000c5c00000| Untracked 
|  19|0x00000000c5d00000, 0x00000000c5d00000, 0x00000000c5e00000|  0%| F|  |TAMS 0x00000000c5d00000, 0x00000000c5d00000| Untracked 
|  20|0x00000000c5e00000, 0x00000000c5e00000, 0x00000000c5f00000|  0%| F|  |TAMS 0x00000000c5e00000, 0x00000000c5e00000| Untracked 
|  21|0x00000000c5f00000, 0x00000000c5f00000, 0x00000000c6000000|  0%| F|  |TAMS 0x00000000c5f00000, 0x00000000c5f00000| Untracked 
|  22|0x00000000c6000000, 0x00000000c6000000, 0x00000000c6100000|  0%| F|  |TAMS 0x00000000c6000000, 0x00000000c6000000| Untracked 
|  23|0x00000000c6100000, 0x00000000c6100000, 0x00000000c6200000|  0%| F|  |TAMS 0x00000000c6100000, 0x00000000c6100000| Untracked 
|  24|0x00000000c6200000, 0x00000000c6200000, 0x00000000c6300000|  0%| F|  |TAMS 0x00000000c6200000, 0x00000000c6200000| Untracked 
|  25|0x00000000c6300000, 0x00000000c6300000, 0x00000000c6400000|  0%| F|  |TAMS 0x00000000c6300000, 0x00000000c6300000| Untracked 
|  26|0x00000000c6400000, 0x00000000c6400000, 0x00000000c6500000|  0%| F|  |TAMS 0x00000000c6400000, 0x00000000c6400000| Untracked 
|  27|0x00000000c6500000, 0x00000000c6500000, 0x00000000c6600000|  0%| F|  |TAMS 0x00000000c6500000, 0x00000000c6500000| Untracked 
|  28|0x00000000c6600000, 0x00000000c6600000, 0x00000000c6700000|  0%| F|  |TAMS 0x00000000c6600000, 0x00000000c6600000| Untracked 
|  29|0x00000000c6700000, 0x00000000c6700000, 0x00000000c6800000|  0%| F|  |TAMS 0x00000000c6700000, 0x00000000c6700000| Untracked 
|  30|0x00000000c6800000, 0x00000000c6800000, 0x00000000c6900000|  0%| F|  |TAMS 0x00000000c6800000, 0x00000000c6800000| Untracked 
|  31|0x00000000c6900000, 0x00000000c6900000, 0x00000000c6a00000|  0%| F|  |TAMS 0x00000000c6900000, 0x00000000c6900000| Untracked 
|  32|0x00000000c6a00000, 0x00000000c6a00000, 0x00000000c6b00000|  0%| F|  |TAMS 0x00000000c6a00000, 0x00000000c6a00000| Untracked 
|  33|0x00000000c6b00000, 0x00000000c6b00000, 0x00000000c6c00000|  0%| F|  |TAMS 0x00000000c6b00000, 0x00000000c6b00000| Untracked 
|  34|0x00000000c6c00000, 0x00000000c6c00000, 0x00000000c6d00000|  0%| F|  |TAMS 0x00000000c6c00000, 0x00000000c6c00000| Untracked 
|  35|0x00000000c6d00000, 0x00000000c6d00000, 0x00000000c6e00000|  0%| F|  |TAMS 0x00000000c6d00000, 0x00000000c6d00000| Untracked 
|  36|0x00000000c6e00000, 0x00000000c6e00000, 0x00000000c6f00000|  0%| F|  |TAMS 0x00000000c6e00000, 0x00000000c6e00000| Untracked 
|  37|0x00000000c6f00000, 0x00000000c6f00000, 0x00000000c7000000|  0%| F|  |TAMS 0x00000000c6f00000, 0x00000000c6f00000| Untracked 
|  38|0x00000000c7000000, 0x00000000c7000000, 0x00000000c7100000|  0%| F|  |TAMS 0x00000000c7000000, 0x00000000c7000000| Untracked 
|  39|0x00000000c7100000, 0x00000000c7100000, 0x00000000c7200000|  0%| F|  |TAMS 0x00000000c7100000, 0x00000000c7100000| Untracked 
|  40|0x00000000c7200000, 0x00000000c7200000, 0x00000000c7300000|  0%| F|  |TAMS 0x00000000c7200000, 0x00000000c7200000| Untracked 
|  41|0x00000000c7300000, 0x00000000c7300000, 0x00000000c7400000|  0%| F|  |TAMS 0x00000000c7300000, 0x00000000c7300000| Untracked 
|  42|0x00000000c7400000, 0x00000000c7400000, 0x00000000c7500000|  0%| F|  |TAMS 0x00000000c7400000, 0x00000000c7400000| Untracked 
|  43|0x00000000c7500000, 0x00000000c7500000, 0x00000000c7600000|  0%| F|  |TAMS 0x00000000c7500000, 0x00000000c7500000| Untracked 
|  44|0x00000000c7600000, 0x00000000c76b1c98, 0x00000000c7700000| 69%| S|CS|TAMS 0x00000000c7600000, 0x00000000c7600000| Complete 
|  45|0x00000000c7700000, 0x00000000c7800000, 0x00000000c7800000|100%| S|CS|TAMS 0x00000000c7700000, 0x00000000c7700000| Complete 
|  46|0x00000000c7800000, 0x00000000c78b26e8, 0x00000000c7900000| 69%| E|  |TAMS 0x00000000c7800000, 0x00000000c7800000| Complete 
|  47|0x00000000c7900000, 0x00000000c7a00000, 0x00000000c7a00000|100%| E|CS|TAMS 0x00000000c7900000, 0x00000000c7900000| Complete 
|  48|0x00000000c7a00000, 0x00000000c7b00000, 0x00000000c7b00000|100%| E|CS|TAMS 0x00000000c7a00000, 0x00000000c7a00000| Complete 
|  49|0x00000000c7b00000, 0x00000000c7c00000, 0x00000000c7c00000|100%| E|CS|TAMS 0x00000000c7b00000, 0x00000000c7b00000| Complete 
|  50|0x00000000c7c00000, 0x00000000c7d00000, 0x00000000c7d00000|100%| E|CS|TAMS 0x00000000c7c00000, 0x00000000c7c00000| Complete 
|  51|0x00000000c7d00000, 0x00000000c7e00000, 0x00000000c7e00000|100%| E|CS|TAMS 0x00000000c7d00000, 0x00000000c7d00000| Complete 
|  52|0x00000000c7e00000, 0x00000000c7f00000, 0x00000000c7f00000|100%| E|CS|TAMS 0x00000000c7e00000, 0x00000000c7e00000| Complete 
|  53|0x00000000c7f00000, 0x00000000c8000000, 0x00000000c8000000|100%| E|CS|TAMS 0x00000000c7f00000, 0x00000000c7f00000| Complete 
|  54|0x00000000c8000000, 0x00000000c8100000, 0x00000000c8100000|100%| E|CS|TAMS 0x00000000c8000000, 0x00000000c8000000| Complete 
|  55|0x00000000c8100000, 0x00000000c8200000, 0x00000000c8200000|100%| E|CS|TAMS 0x00000000c8100000, 0x00000000c8100000| Complete 
|  56|0x00000000c8200000, 0x00000000c8300000, 0x00000000c8300000|100%| E|CS|TAMS 0x00000000c8200000, 0x00000000c8200000| Complete 
|  57|0x00000000c8300000, 0x00000000c8400000, 0x00000000c8400000|100%| E|CS|TAMS 0x00000000c8300000, 0x00000000c8300000| Complete 
|  58|0x00000000c8400000, 0x00000000c8500000, 0x00000000c8500000|100%| E|CS|TAMS 0x00000000c8400000, 0x00000000c8400000| Complete 
|  59|0x00000000c8500000, 0x00000000c8600000, 0x00000000c8600000|100%| E|CS|TAMS 0x00000000c8500000, 0x00000000c8500000| Complete 
| 948|0x00000000ffe00000, 0x00000000ffe34000, 0x00000000fff00000| 20%|OA|  |TAMS 0x00000000ffe00000, 0x00000000ffe00000| Untracked 
| 949|0x00000000fff00000, 0x00000000fff6a000, 0x0000000100000000| 41%|CA|  |TAMS 0x00000000fff00000, 0x00000000fff00000| Untracked 

Card table byte_map: [0x00007f931c649000,0x00007f931c824000] _byte_map_base: 0x00007f931c024000

Marking Bits (Prev, Next): (CMBitMap*) 0x00007f931803ffa8, (CMBitMap*) 0x00007f931803ffe0
 Prev Bits: [0x00007f92fb128000, 0x00007f92fc000000)
 Next Bits: [0x00007f92fa250000, 0x00007f92fb128000)

Polling page: 0x00007f93213cc000

Metaspace:

Usage:
  Non-class:      6,23 MB capacity,     5,30 MB ( 85%) used,   918,30 KB ( 14%) free+waste,    34,12 KB ( <1%) overhead. 
      Class:    860,00 KB capacity,   685,92 KB ( 80%) used,   156,39 KB ( 18%) free+waste,    17,69 KB (  2%) overhead. 
       Both:      7,07 MB capacity,     5,97 MB ( 84%) used,     1,05 MB ( 15%) free+waste,    51,81 KB ( <1%) overhead. 

Virtual space:
  Non-class space:        8,00 MB reserved,       6,25 MB ( 78%) committed 
      Class space:        1,00 GB reserved,     896,00 KB ( <1%) committed 
             Both:        1,01 GB reserved,       7,12 MB ( <1%) committed 

Chunk freelists:
   Non-Class:  2,38 KB
       Class:  512 bytes
        Both:  2,88 KB

CodeHeap 'non-profiled nmethods': size=120032Kb used=490Kb max_used=490Kb free=119541Kb
 bounds [0x00007f9308453000, 0x00007f93086c3000, 0x00007f930f98b000]
CodeHeap 'profiled nmethods': size=120032Kb used=2311Kb max_used=2326Kb free=117720Kb
 bounds [0x00007f9300f1b000, 0x00007f930118b000, 0x00007f9308453000]
CodeHeap 'non-nmethods': size=5696Kb used=1148Kb max_used=1215Kb free=4547Kb
 bounds [0x00007f930098b000, 0x00007f9300bfb000, 0x00007f9300f1b000]
 total_blobs=1678 nmethods=1049 adapters=298
 compilation: enabled
              stopped_count=0, restarted_count=0
 full_count=0

Compilation events (10 events):
Event: 69,281 Thread 0x00007f931812c000 1056       3       org.eclipse.jdt.launching.internal.org.objectweb.asm.AnnotationWriter::putAnnotations (110 bytes)
Event: 69,281 Thread 0x00007f931812c000 nmethod 1056 0x00007f930115f390 code [0x00007f930115f5a0, 0x00007f930115fa28]
Event: 71,794 Thread 0x00007f931812a000 1057       4       org.eclipse.jdt.launching.internal.org.objectweb.asm.SymbolTable::addConstantMemberReference (147 bytes)
Event: 71,901 Thread 0x00007f931812a000 nmethod 1057 0x00007f93084c6e10 code [0x00007f93084c70c0, 0x00007f93084c98a0]
Event: 71,901 Thread 0x00007f931812a000 1058       4       org.eclipse.jdt.launching.internal.org.objectweb.asm.MethodWriter::visitMethodInsn (191 bytes)
Event: 71,944 Thread 0x00007f931812a000 nmethod 1058 0x00007f93084cb090 code [0x00007f93084cb2a0, 0x00007f93084cc8b0]
Event: 98,449 Thread 0x00007f931812c000 1059       3       org.eclipse.jdt.launching.internal.org.objectweb.asm.MethodWriter::visitAnnotation (73 bytes)
Event: 98,450 Thread 0x00007f931812c000 nmethod 1059 0x00007f930115fc90 code [0x00007f930115fec0, 0x00007f9301160708]
Event: 142,995 Thread 0x00007f931812a000 1060       4       org.eclipse.jdt.launching.internal.org.objectweb.asm.ByteVector::putByteArray (49 bytes)
Event: 142,997 Thread 0x00007f931812a000 nmethod 1060 0x00007f93084cd510 code [0x00007f93084cd6a0, 0x00007f93084cd858]

GC Heap History (2 events):
Event: 0,742 GC heap before
{Heap before GC invocations=0 (full 0):
 garbage-first heap   total 63488K, used 13944K [0x00000000c4a00000, 0x0000000100000000)
  region size 1024K, 14 young (14336K), 0 survivors (0K)
 Metaspace       used 4112K, capacity 5697K, committed 5760K, reserved 1056768K
  class space    used 411K, capacity 580K, committed 640K, reserved 1048576K
}
Event: 0,770 GC heap after
{Heap after GC invocations=1 (full 0):
 garbage-first heap   total 63488K, used 2367K [0x00000000c4a00000, 0x0000000100000000)
  region size 1024K, 2 young (2048K), 2 survivors (2048K)
 Metaspace       used 4112K, capacity 5697K, committed 5760K, reserved 1056768K
  class space    used 411K, capacity 580K, committed 640K, reserved 1048576K
}

Deoptimization events (1 events):
Event: 0,797 Thread 0x00007f9318014000 Uncommon trap: reason=unstable_if action=reinterpret pc=0x00007f930846128c method=java.util.HashMap.putVal(ILjava/lang/Object;Ljava/lang/Object;ZZ)Ljava/lang/Object; @ 181 c2

Classes redefined (5 events):
Event: 44,058 Thread 0x00007f931811c800 redefined class name=hr.fer.zemris.java.custom.collections.SimpleHashtableTest, count=1
Event: 69,290 Thread 0x00007f931811c800 redefined class name=hr.fer.zemris.java.custom.collections.SimpleHashtableTest, count=2
Event: 71,804 Thread 0x00007f931811c800 redefined class name=hr.fer.zemris.java.custom.collections.SimpleHashtableTest, count=3
Event: 98,459 Thread 0x00007f931811c800 redefined class name=hr.fer.zemris.java.custom.collections.SimpleHashtableTest, count=4
Event: 143,005 Thread 0x00007f931811c800 redefined class name=hr.fer.zemris.java.custom.collections.SimpleHashtableTest, count=5

Internal exceptions (10 events):
Event: 0,998 Thread 0x00007f9318014000 Exception <a 'java/lang/NoSuchMethodError'{0x00000000c819c7a0}: java.lang.invoke.DirectMethodHandle$Holder.invokeVirtual(Ljava/lang/Object;Ljava/lang/Object;Ljava/lang/Object;)I> (0x00000000c819c7a0) thrown at [/build/openjdk-lts-_8rNzD/openjdk-lts-11.0.1
Event: 1,003 Thread 0x00007f9318014000 Exception <a 'java/lang/NoSuchMethodError'{0x00000000c81c1dd8}: java.lang.invoke.DirectMethodHandle$Holder.invokeInterface(Ljava/lang/Object;Ljava/lang/Object;)V> (0x00000000c81c1dd8) thrown at [/build/openjdk-lts-_8rNzD/openjdk-lts-11.0.1+13/src/hotspot/
Event: 1,003 Thread 0x00007f9318014000 Exception <a 'java/lang/IncompatibleClassChangeError'{0x00000000c81c4a38}: Found class java.lang.Object, but interface was expected> (0x00000000c81c4a38) thrown at [/build/openjdk-lts-_8rNzD/openjdk-lts-11.0.1+13/src/hotspot/share/interpreter/linkResolver
Event: 1,007 Thread 0x00007f9318014000 Exception <a 'java/lang/NoSuchMethodError'{0x00000000c81d8440}: java.lang.invoke.DirectMethodHandle$Holder.invokeStatic(Ljava/lang/Object;Ljava/lang/Object;Ljava/lang/Object;Ljava/lang/Object;)V> (0x00000000c81d8440) thrown at [/build/openjdk-lts-_8rNzD/o
Event: 1,043 Thread 0x00007f9318014000 Exception <a 'java/lang/NoSuchMethodError'{0x00000000c80dc1f0}: java.lang.invoke.DirectMethodHandle$Holder.invokeInterface(Ljava/lang/Object;Ljava/lang/Object;Ljava/lang/Object;Ljava/lang/Object;)V> (0x00000000c80dc1f0) thrown at [/build/openjdk-lts-_8rNz
Event: 1,044 Thread 0x00007f9318014000 Exception <a 'java/lang/IncompatibleClassChangeError'{0x00000000c80defb0}: Found class java.lang.Object, but interface was expected> (0x00000000c80defb0) thrown at [/build/openjdk-lts-_8rNzD/openjdk-lts-11.0.1+13/src/hotspot/share/interpreter/linkResolver
Event: 1,122 Thread 0x00007f9318014000 Exception <a 'java/lang/NoSuchMethodError'{0x00000000c7e689a8}: java.lang.invoke.DirectMethodHandle$Holder.invokeSpecial(Ljava/lang/Object;Ljava/lang/Object;)V> (0x00000000c7e689a8) thrown at [/build/openjdk-lts-_8rNzD/openjdk-lts-11.0.1+13/src/hotspot/sh
Event: 1,142 Thread 0x00007f9318014000 Exception <a 'java/lang/NoSuchMethodError'{0x00000000c7d48b88}: java.lang.invoke.DirectMethodHandle$Holder.invokeStatic(Ljava/lang/Object;Ljava/lang/Object;Ljava/lang/Object;Ljava/lang/Object;Ljava/lang/Object;)I> (0x00000000c7d48b88) thrown at [/build/op
Event: 1,190 Thread 0x00007f9318014000 Exception <a 'java/lang/NoSuchMethodError'{0x00000000c7cd0648}: java.lang.invoke.DirectMethodHandle$Holder.invokeStaticInit(Ljava/lang/Object;Ljava/lang/Object;Ljava/lang/Object;)I> (0x00000000c7cd0648) thrown at [/build/openjdk-lts-_8rNzD/openjdk-lts-11.
Event: 1,321 Thread 0x00007f9318014000 Exception <a 'java/lang/NoSuchMethodError'{0x00000000c7befcd0}: java.lang.invoke.DirectMethodHandle$Holder.invokeStaticInit(Ljava/lang/Object;Ljava/lang/Object;)I> (0x00000000c7befcd0) thrown at [/build/openjdk-lts-_8rNzD/openjdk-lts-11.0.1+13/src/hotspot

Events (10 events):
Event: 143,070 Executing VM operation: GetStackTrace done
Event: 143,619 Executing VM operation: GetFrameCount
Event: 143,619 Executing VM operation: GetFrameCount done
Event: 143,619 Executing VM operation: GetOwnedMonitorInfo
Event: 143,619 Executing VM operation: GetOwnedMonitorInfo done
Event: 143,619 Executing VM operation: GetCurrentContendedMonitor
Event: 143,619 Executing VM operation: GetCurrentContendedMonitor done
Event: 143,644 Executing VM operation: GetFrameLocation
Event: 143,644 Executing VM operation: GetFrameLocation done
Event: 143,644 Executing VM operation: GetOrSetLocal


Dynamic libraries:
c4a00000-c8600000 rw-p 00000000 00:00 0 
c8600000-ffe00000 ---p 00000000 00:00 0 
ffe00000-ffe34000 rw-p 0111a000 08:05 3014803                            /usr/lib/jvm/java-11-openjdk-amd64/lib/server/classes.jsa
ffe34000-fff00000 rw-p 00000000 00:00 0 
fff00000-fff6a000 rw-p 010b0000 08:05 3014803                            /usr/lib/jvm/java-11-openjdk-amd64/lib/server/classes.jsa
fff6a000-100000000 rw-p 00000000 00:00 0 
800000000-800002000 rwxp 00001000 08:05 3014803                          /usr/lib/jvm/java-11-openjdk-amd64/lib/server/classes.jsa
800002000-8010af000 rw-p 00003000 08:05 3014803                          /usr/lib/jvm/java-11-openjdk-amd64/lib/server/classes.jsa
840000000-8400e0000 rw-p 00000000 00:00 0 
8400e0000-880000000 ---p 00000000 00:00 0 
55f1cddfd000-55f1cddfe000 r-xp 00000000 08:05 3021303                    /usr/lib/jvm/java-11-openjdk-amd64/bin/java
55f1cdffe000-55f1cdfff000 r--p 00001000 08:05 3021303                    /usr/lib/jvm/java-11-openjdk-amd64/bin/java
55f1cdfff000-55f1ce000000 rw-p 00002000 08:05 3021303                    /usr/lib/jvm/java-11-openjdk-amd64/bin/java
55f1cfae1000-55f1cfb02000 rw-p 00000000 00:00 0                          [heap]
7f9298000000-7f9298021000 rw-p 00000000 00:00 0 
7f9298021000-7f929c000000 ---p 00000000 00:00 0 
7f92a0000000-7f92a0021000 rw-p 00000000 00:00 0 
7f92a0021000-7f92a4000000 ---p 00000000 00:00 0 
7f92a4000000-7f92a4021000 rw-p 00000000 00:00 0 
7f92a4021000-7f92a8000000 ---p 00000000 00:00 0 
7f92a8000000-7f92a84a6000 rw-p 00000000 00:00 0 
7f92a84a6000-7f92ac000000 ---p 00000000 00:00 0 
7f92ac000000-7f92ac021000 rw-p 00000000 00:00 0 
7f92ac021000-7f92b0000000 ---p 00000000 00:00 0 
7f92b0000000-7f92b0021000 rw-p 00000000 00:00 0 
7f92b0021000-7f92b4000000 ---p 00000000 00:00 0 
7f92b4000000-7f92b4021000 rw-p 00000000 00:00 0 
7f92b4021000-7f92b8000000 ---p 00000000 00:00 0 
7f92b8000000-7f92b8021000 rw-p 00000000 00:00 0 
7f92b8021000-7f92bc000000 ---p 00000000 00:00 0 
7f92bc000000-7f92bc021000 rw-p 00000000 00:00 0 
7f92bc021000-7f92c0000000 ---p 00000000 00:00 0 
7f92c0000000-7f92c0021000 rw-p 00000000 00:00 0 
7f92c0021000-7f92c4000000 ---p 00000000 00:00 0 
7f92c4000000-7f92c4097000 rw-p 00000000 00:00 0 
7f92c4097000-7f92c8000000 ---p 00000000 00:00 0 
7f92c8000000-7f92c85b5000 rw-p 00000000 00:00 0 
7f92c85b5000-7f92cc000000 ---p 00000000 00:00 0 
7f92cc000000-7f92cc021000 rw-p 00000000 00:00 0 
7f92cc021000-7f92d0000000 ---p 00000000 00:00 0 
7f92d0000000-7f92d0021000 rw-p 00000000 00:00 0 
7f92d0021000-7f92d4000000 ---p 00000000 00:00 0 
7f92d4000000-7f92d60bb000 rw-p 00000000 00:00 0 
7f92d60bb000-7f92d8000000 ---p 00000000 00:00 0 
7f92d8000000-7f92d8021000 rw-p 00000000 00:00 0 
7f92d8021000-7f92dc000000 ---p 00000000 00:00 0 
7f92dc000000-7f92dc021000 rw-p 00000000 00:00 0 
7f92dc021000-7f92e0000000 ---p 00000000 00:00 0 
7f92e0000000-7f92e0060000 rw-p 00000000 00:00 0 
7f92e0060000-7f92e4000000 ---p 00000000 00:00 0 
7f92e4000000-7f92e4021000 rw-p 00000000 00:00 0 
7f92e4021000-7f92e8000000 ---p 00000000 00:00 0 
7f92e9f5f000-7f92e9f60000 ---p 00000000 00:00 0 
7f92e9f60000-7f92ea061000 rw-p 00000000 00:00 0 
7f92ea061000-7f92ea062000 ---p 00000000 00:00 0 
7f92ea062000-7f92ea163000 rw-p 00000000 00:00 0 
7f92ea163000-7f92ea164000 ---p 00000000 00:00 0 
7f92ea164000-7f92ea265000 rw-p 00000000 00:00 0 
7f92ea265000-7f92ea269000 ---p 00000000 00:00 0 
7f92ea269000-7f92ea366000 rw-p 00000000 00:00 0 
7f92ea366000-7f92ea368000 r-xp 00000000 08:05 3021434                    /usr/lib/jvm/java-11-openjdk-amd64/lib/libextnet.so
7f92ea368000-7f92ea567000 ---p 00002000 08:05 3021434                    /usr/lib/jvm/java-11-openjdk-amd64/lib/libextnet.so
7f92ea567000-7f92ea568000 r--p 00001000 08:05 3021434                    /usr/lib/jvm/java-11-openjdk-amd64/lib/libextnet.so
7f92ea568000-7f92ea569000 rw-p 00002000 08:05 3021434                    /usr/lib/jvm/java-11-openjdk-amd64/lib/libextnet.so
7f92ea569000-7f92ea56d000 ---p 00000000 00:00 0 
7f92ea56d000-7f92ea66a000 rw-p 00000000 00:00 0 
7f92ea66a000-7f92ea66b000 ---p 00000000 00:00 0 
7f92ea66b000-7f92ea76c000 rw-p 00000000 00:00 0 
7f92ea76c000-7f92ea770000 ---p 00000000 00:00 0 
7f92ea770000-7f92ea86d000 rw-p 00000000 00:00 0 
7f92ea86d000-7f92ea883000 r-xp 00000000 08:05 3021453                    /usr/lib/jvm/java-11-openjdk-amd64/lib/libnet.so
7f92ea883000-7f92eaa82000 ---p 00016000 08:05 3021453                    /usr/lib/jvm/java-11-openjdk-amd64/lib/libnet.so
7f92eaa82000-7f92eaa83000 r--p 00015000 08:05 3021453                    /usr/lib/jvm/java-11-openjdk-amd64/lib/libnet.so
7f92eaa83000-7f92eaa84000 rw-p 00016000 08:05 3021453                    /usr/lib/jvm/java-11-openjdk-amd64/lib/libnet.so
7f92eaa84000-7f92eaa94000 r-xp 00000000 08:05 3021454                    /usr/lib/jvm/java-11-openjdk-amd64/lib/libnio.so
7f92eaa94000-7f92eac93000 ---p 00010000 08:05 3021454                    /usr/lib/jvm/java-11-openjdk-amd64/lib/libnio.so
7f92eac93000-7f92eac94000 r--p 0000f000 08:05 3021454                    /usr/lib/jvm/java-11-openjdk-amd64/lib/libnio.so
7f92eac94000-7f92eac95000 rw-p 00010000 08:05 3021454                    /usr/lib/jvm/java-11-openjdk-amd64/lib/libnio.so
7f92eac95000-7f92eac99000 ---p 00000000 00:00 0 
7f92eac99000-7f92ead96000 rw-p 00000000 00:00 0 
7f92ead96000-7f92ead9a000 ---p 00000000 00:00 0 
7f92ead9a000-7f92eae97000 rw-p 00000000 00:00 0 
7f92eae97000-7f92eae9b000 ---p 00000000 00:00 0 
7f92eae9b000-7f92eaf98000 rw-p 00000000 00:00 0 
7f92eaf98000-7f92eaf9c000 r-xp 00000000 08:05 3021433                    /usr/lib/jvm/java-11-openjdk-amd64/lib/libdt_socket.so
7f92eaf9c000-7f92eb19c000 ---p 00004000 08:05 3021433                    /usr/lib/jvm/java-11-openjdk-amd64/lib/libdt_socket.so
7f92eb19c000-7f92eb19d000 r--p 00004000 08:05 3021433                    /usr/lib/jvm/java-11-openjdk-amd64/lib/libdt_socket.so
7f92eb19d000-7f92eb19e000 rw-p 00005000 08:05 3021433                    /usr/lib/jvm/java-11-openjdk-amd64/lib/libdt_socket.so
7f92eb19e000-7f92eb1a2000 ---p 00000000 00:00 0 
7f92eb1a2000-7f92eb29f000 rw-p 00000000 00:00 0 
7f92eb29f000-7f92eb2a3000 ---p 00000000 00:00 0 
7f92eb2a3000-7f92eb3a0000 rw-p 00000000 00:00 0 
7f92eb3a0000-7f92eb800000 r--p 00000000 08:05 2622475                    /usr/lib/locale/locale-archive
7f92eb800000-7f92ebe40000 rw-p 00000000 00:00 0 
7f92ebe40000-7f92ec000000 ---p 00000000 00:00 0 
7f92ec000000-7f92ec021000 rw-p 00000000 00:00 0 
7f92ec021000-7f92f0000000 ---p 00000000 00:00 0 
7f92f0000000-7f92f0021000 rw-p 00000000 00:00 0 
7f92f0021000-7f92f4000000 ---p 00000000 00:00 0 
7f92f4000000-7f92f4021000 rw-p 00000000 00:00 0 
7f92f4021000-7f92f8000000 ---p 00000000 00:00 0 
7f92f804e000-7f92f8052000 ---p 00000000 00:00 0 
7f92f8052000-7f92f814f000 rw-p 00000000 00:00 0 
7f92f814f000-7f92f8153000 ---p 00000000 00:00 0 
7f92f8153000-7f92fa340000 rw-p 00000000 00:00 0 
7f92fa340000-7f92fb120000 ---p 00000000 00:00 0 
7f92fb120000-7f92fb218000 rw-p 00000000 00:00 0 
7f92fb218000-7f92fbff8000 ---p 00000000 00:00 0 
7f92fbff8000-7f92fc000000 rw-p 00000000 00:00 0 
7f92fc000000-7f92fc021000 rw-p 00000000 00:00 0 
7f92fc021000-7f9300000000 ---p 00000000 00:00 0 
7f93000ff000-7f9300103000 ---p 00000000 00:00 0 
7f9300103000-7f9300200000 rw-p 00000000 00:00 0 
7f9300200000-7f9300204000 ---p 00000000 00:00 0 
7f9300204000-7f9300301000 rw-p 00000000 00:00 0 
7f9300301000-7f9300305000 ---p 00000000 00:00 0 
7f9300305000-7f9300402000 rw-p 00000000 00:00 0 
7f9300402000-7f9300403000 ---p 00000000 00:00 0 
7f9300403000-7f9300585000 rw-p 00000000 00:00 0 
7f9300585000-7f9300586000 ---p 00000000 00:00 0 
7f9300586000-7f9300687000 rw-p 00000000 00:00 0 
7f9300687000-7f9300688000 ---p 00000000 00:00 0 
7f9300688000-7f930098b000 rw-p 00000000 00:00 0 
7f930098b000-7f9300bfb000 rwxp 00000000 00:00 0 
7f9300bfb000-7f9300f1b000 ---p 00000000 00:00 0 
7f9300f1b000-7f930118b000 rwxp 00000000 00:00 0 
7f930118b000-7f9308453000 ---p 00000000 00:00 0 
7f9308453000-7f93086c3000 rwxp 00000000 00:00 0 
7f93086c3000-7f930f98b000 ---p 00000000 00:00 0 
7f930f98b000-7f9318000000 r--s 00000000 08:05 3021463                    /usr/lib/jvm/java-11-openjdk-amd64/lib/modules
7f9318000000-7f93185cf000 rw-p 00000000 00:00 0 
7f93185cf000-7f931c000000 ---p 00000000 00:00 0 
7f931c068000-7f931c26a000 rw-p 00000000 00:00 0 
7f931c26a000-7f931c26b000 ---p 00000000 00:00 0 
7f931c26b000-7f931c36c000 rw-p 00000000 00:00 0 
7f931c36c000-7f931c36d000 ---p 00000000 00:00 0 
7f931c36d000-7f931c48c000 rw-p 00000000 00:00 0 
7f931c48c000-7f931c648000 ---p 00000000 00:00 0 
7f931c648000-7f931c667000 rw-p 00000000 00:00 0 
7f931c667000-7f931c823000 ---p 00000000 00:00 0 
7f931c823000-7f931c842000 rw-p 00000000 00:00 0 
7f931c842000-7f931c9fe000 ---p 00000000 00:00 0 
7f931c9fe000-7f931ce03000 rw-p 00000000 00:00 0 
7f931ce03000-7f931ce04000 ---p 00000000 00:00 0 
7f931ce04000-7f931cf0a000 rw-p 00000000 00:00 0 
7f931cf0a000-7f931cff0000 ---p 00000000 00:00 0 
7f931cff0000-7f931cff5000 rw-p 00000000 00:00 0 
7f931cff5000-7f931d0db000 ---p 00000000 00:00 0 
7f931d0db000-7f931d0e0000 r-xp 00000000 08:05 3021445                    /usr/lib/jvm/java-11-openjdk-amd64/lib/libjimage.so
7f931d0e0000-7f931d2df000 ---p 00005000 08:05 3021445                    /usr/lib/jvm/java-11-openjdk-amd64/lib/libjimage.so
7f931d2df000-7f931d2e0000 r--p 00004000 08:05 3021445                    /usr/lib/jvm/java-11-openjdk-amd64/lib/libjimage.so
7f931d2e0000-7f931d2e1000 rw-p 00005000 08:05 3021445                    /usr/lib/jvm/java-11-openjdk-amd64/lib/libjimage.so
7f931d2e1000-7f931d2e8000 r-xp 00000000 08:05 3021462                    /usr/lib/jvm/java-11-openjdk-amd64/lib/libzip.so
7f931d2e8000-7f931d4e7000 ---p 00007000 08:05 3021462                    /usr/lib/jvm/java-11-openjdk-amd64/lib/libzip.so
7f931d4e7000-7f931d4e8000 r--p 00006000 08:05 3021462                    /usr/lib/jvm/java-11-openjdk-amd64/lib/libzip.so
7f931d4e8000-7f931d4e9000 rw-p 00007000 08:05 3021462                    /usr/lib/jvm/java-11-openjdk-amd64/lib/libzip.so
7f931d4e9000-7f931d4f4000 r-xp 00000000 08:05 266943                     /lib/x86_64-linux-gnu/libnss_files-2.27.so
7f931d4f4000-7f931d6f3000 ---p 0000b000 08:05 266943                     /lib/x86_64-linux-gnu/libnss_files-2.27.so
7f931d6f3000-7f931d6f4000 r--p 0000a000 08:05 266943                     /lib/x86_64-linux-gnu/libnss_files-2.27.so
7f931d6f4000-7f931d6f5000 rw-p 0000b000 08:05 266943                     /lib/x86_64-linux-gnu/libnss_files-2.27.so
7f931d6f5000-7f931d6fb000 rw-p 00000000 00:00 0 
7f931d6fb000-7f931d712000 r-xp 00000000 08:05 266875                     /lib/x86_64-linux-gnu/libnsl-2.27.so
7f931d712000-7f931d911000 ---p 00017000 08:05 266875                     /lib/x86_64-linux-gnu/libnsl-2.27.so
7f931d911000-7f931d912000 r--p 00016000 08:05 266875                     /lib/x86_64-linux-gnu/libnsl-2.27.so
7f931d912000-7f931d913000 rw-p 00017000 08:05 266875                     /lib/x86_64-linux-gnu/libnsl-2.27.so
7f931d913000-7f931d915000 rw-p 00000000 00:00 0 
7f931d915000-7f931d920000 r-xp 00000000 08:05 267041                     /lib/x86_64-linux-gnu/libnss_nis-2.27.so
7f931d920000-7f931db1f000 ---p 0000b000 08:05 267041                     /lib/x86_64-linux-gnu/libnss_nis-2.27.so
7f931db1f000-7f931db20000 r--p 0000a000 08:05 267041                     /lib/x86_64-linux-gnu/libnss_nis-2.27.so
7f931db20000-7f931db21000 rw-p 0000b000 08:05 267041                     /lib/x86_64-linux-gnu/libnss_nis-2.27.so
7f931db21000-7f931db29000 r-xp 00000000 08:05 266876                     /lib/x86_64-linux-gnu/libnss_compat-2.27.so
7f931db29000-7f931dd29000 ---p 00008000 08:05 266876                     /lib/x86_64-linux-gnu/libnss_compat-2.27.so
7f931dd29000-7f931dd2a000 r--p 00008000 08:05 266876                     /lib/x86_64-linux-gnu/libnss_compat-2.27.so
7f931dd2a000-7f931dd2b000 rw-p 00009000 08:05 266876                     /lib/x86_64-linux-gnu/libnss_compat-2.27.so
7f931dd2b000-7f931dd35000 r-xp 00000000 08:05 3021436                    /usr/lib/jvm/java-11-openjdk-amd64/lib/libinstrument.so
7f931dd35000-7f931df34000 ---p 0000a000 08:05 3021436                    /usr/lib/jvm/java-11-openjdk-amd64/lib/libinstrument.so
7f931df34000-7f931df35000 r--p 00009000 08:05 3021436                    /usr/lib/jvm/java-11-openjdk-amd64/lib/libinstrument.so
7f931df35000-7f931df36000 rw-p 0000a000 08:05 3021436                    /usr/lib/jvm/java-11-openjdk-amd64/lib/libinstrument.so
7f931df36000-7f931df71000 r-xp 00000000 08:05 3021444                    /usr/lib/jvm/java-11-openjdk-amd64/lib/libjdwp.so
7f931df71000-7f931e170000 ---p 0003b000 08:05 3021444                    /usr/lib/jvm/java-11-openjdk-amd64/lib/libjdwp.so
7f931e170000-7f931e171000 r--p 0003a000 08:05 3021444                    /usr/lib/jvm/java-11-openjdk-amd64/lib/libjdwp.so
7f931e171000-7f931e172000 rw-p 0003b000 08:05 3021444                    /usr/lib/jvm/java-11-openjdk-amd64/lib/libjdwp.so
7f931e172000-7f931e19d000 r-xp 00000000 08:05 3021441                    /usr/lib/jvm/java-11-openjdk-amd64/lib/libjava.so
7f931e19d000-7f931e39c000 ---p 0002b000 08:05 3021441                    /usr/lib/jvm/java-11-openjdk-amd64/lib/libjava.so
7f931e39c000-7f931e39d000 r--p 0002a000 08:05 3021441                    /usr/lib/jvm/java-11-openjdk-amd64/lib/libjava.so
7f931e39d000-7f931e39f000 rw-p 0002b000 08:05 3021441                    /usr/lib/jvm/java-11-openjdk-amd64/lib/libjava.so
7f931e39f000-7f931e3ac000 r-xp 00000000 08:05 3021461                    /usr/lib/jvm/java-11-openjdk-amd64/lib/libverify.so
7f931e3ac000-7f931e5ab000 ---p 0000d000 08:05 3021461                    /usr/lib/jvm/java-11-openjdk-amd64/lib/libverify.so
7f931e5ab000-7f931e5ad000 r--p 0000c000 08:05 3021461                    /usr/lib/jvm/java-11-openjdk-amd64/lib/libverify.so
7f931e5ad000-7f931e5ae000 rw-p 0000e000 08:05 3021461                    /usr/lib/jvm/java-11-openjdk-amd64/lib/libverify.so
7f931e5ae000-7f931e5b5000 r-xp 00000000 08:05 267100                     /lib/x86_64-linux-gnu/librt-2.27.so
7f931e5b5000-7f931e7b4000 ---p 00007000 08:05 267100                     /lib/x86_64-linux-gnu/librt-2.27.so
7f931e7b4000-7f931e7b5000 r--p 00006000 08:05 267100                     /lib/x86_64-linux-gnu/librt-2.27.so
7f931e7b5000-7f931e7b6000 rw-p 00007000 08:05 267100                     /lib/x86_64-linux-gnu/librt-2.27.so
7f931e7b6000-7f931e7cd000 r-xp 00000000 08:05 267097                     /lib/x86_64-linux-gnu/libgcc_s.so.1
7f931e7cd000-7f931e9cc000 ---p 00017000 08:05 267097                     /lib/x86_64-linux-gnu/libgcc_s.so.1
7f931e9cc000-7f931e9cd000 r--p 00016000 08:05 267097                     /lib/x86_64-linux-gnu/libgcc_s.so.1
7f931e9cd000-7f931e9ce000 rw-p 00017000 08:05 267097                     /lib/x86_64-linux-gnu/libgcc_s.so.1
7f931e9ce000-7f931eb6b000 r-xp 00000000 08:05 266730                     /lib/x86_64-linux-gnu/libm-2.27.so
7f931eb6b000-7f931ed6a000 ---p 0019d000 08:05 266730                     /lib/x86_64-linux-gnu/libm-2.27.so
7f931ed6a000-7f931ed6b000 r--p 0019c000 08:05 266730                     /lib/x86_64-linux-gnu/libm-2.27.so
7f931ed6b000-7f931ed6c000 rw-p 0019d000 08:05 266730                     /lib/x86_64-linux-gnu/libm-2.27.so
7f931ed6c000-7f931eee5000 r-xp 00000000 08:05 2623550                    /usr/lib/x86_64-linux-gnu/libstdc++.so.6.0.25
7f931eee5000-7f931f0e5000 ---p 00179000 08:05 2623550                    /usr/lib/x86_64-linux-gnu/libstdc++.so.6.0.25
7f931f0e5000-7f931f0ef000 r--p 00179000 08:05 2623550                    /usr/lib/x86_64-linux-gnu/libstdc++.so.6.0.25
7f931f0ef000-7f931f0f1000 rw-p 00183000 08:05 2623550                    /usr/lib/x86_64-linux-gnu/libstdc++.so.6.0.25
7f931f0f1000-7f931f0f5000 rw-p 00000000 00:00 0 
7f931f0f5000-7f9320211000 r-xp 00000000 08:05 3021468                    /usr/lib/jvm/java-11-openjdk-amd64/lib/server/libjvm.so
7f9320211000-7f9320410000 ---p 0111c000 08:05 3021468                    /usr/lib/jvm/java-11-openjdk-amd64/lib/server/libjvm.so
7f9320410000-7f93204d8000 r--p 0111b000 08:05 3021468                    /usr/lib/jvm/java-11-openjdk-amd64/lib/server/libjvm.so
7f93204d8000-7f9320512000 rw-p 011e3000 08:05 3021468                    /usr/lib/jvm/java-11-openjdk-amd64/lib/server/libjvm.so
7f9320512000-7f9320567000 rw-p 00000000 00:00 0 
7f9320567000-7f9320581000 r-xp 00000000 08:05 267090                     /lib/x86_64-linux-gnu/libpthread-2.27.so
7f9320581000-7f9320780000 ---p 0001a000 08:05 267090                     /lib/x86_64-linux-gnu/libpthread-2.27.so
7f9320780000-7f9320781000 r--p 00019000 08:05 267090                     /lib/x86_64-linux-gnu/libpthread-2.27.so
7f9320781000-7f9320782000 rw-p 0001a000 08:05 267090                     /lib/x86_64-linux-gnu/libpthread-2.27.so
7f9320782000-7f9320786000 rw-p 00000000 00:00 0 
7f9320786000-7f9320789000 r-xp 00000000 08:05 266713                     /lib/x86_64-linux-gnu/libdl-2.27.so
7f9320789000-7f9320988000 ---p 00003000 08:05 266713                     /lib/x86_64-linux-gnu/libdl-2.27.so
7f9320988000-7f9320989000 r--p 00002000 08:05 266713                     /lib/x86_64-linux-gnu/libdl-2.27.so
7f9320989000-7f932098a000 rw-p 00003000 08:05 266713                     /lib/x86_64-linux-gnu/libdl-2.27.so
7f932098a000-7f93209a6000 r-xp 00000000 08:05 267130                     /lib/x86_64-linux-gnu/libz.so.1.2.11
7f93209a6000-7f9320ba5000 ---p 0001c000 08:05 267130                     /lib/x86_64-linux-gnu/libz.so.1.2.11
7f9320ba5000-7f9320ba6000 r--p 0001b000 08:05 267130                     /lib/x86_64-linux-gnu/libz.so.1.2.11
7f9320ba6000-7f9320ba7000 rw-p 0001c000 08:05 267130                     /lib/x86_64-linux-gnu/libz.so.1.2.11
7f9320ba7000-7f9320d8e000 r-xp 00000000 08:05 266694                     /lib/x86_64-linux-gnu/libc-2.27.so
7f9320d8e000-7f9320f8e000 ---p 001e7000 08:05 266694                     /lib/x86_64-linux-gnu/libc-2.27.so
7f9320f8e000-7f9320f92000 r--p 001e7000 08:05 266694                     /lib/x86_64-linux-gnu/libc-2.27.so
7f9320f92000-7f9320f94000 rw-p 001eb000 08:05 266694                     /lib/x86_64-linux-gnu/libc-2.27.so
7f9320f94000-7f9320f98000 rw-p 00000000 00:00 0 
7f9320f98000-7f9320fa8000 r-xp 00000000 08:05 3021426                    /usr/lib/jvm/java-11-openjdk-amd64/lib/jli/libjli.so
7f9320fa8000-7f93211a7000 ---p 00010000 08:05 3021426                    /usr/lib/jvm/java-11-openjdk-amd64/lib/jli/libjli.so
7f93211a7000-7f93211a8000 r--p 0000f000 08:05 3021426                    /usr/lib/jvm/java-11-openjdk-amd64/lib/jli/libjli.so
7f93211a8000-7f93211a9000 rw-p 00010000 08:05 3021426                    /usr/lib/jvm/java-11-openjdk-amd64/lib/jli/libjli.so
7f93211a9000-7f93211d0000 r-xp 00000000 08:05 262169                     /lib/x86_64-linux-gnu/ld-2.27.so
7f932122c000-7f9321287000 rw-p 00000000 00:00 0 
7f9321287000-7f932128b000 ---p 00000000 00:00 0 
7f932128b000-7f932138a000 rw-p 00000000 00:00 0 
7f9321391000-7f9321398000 r--s 00000000 08:05 2892098                    /usr/lib/x86_64-linux-gnu/gconv/gconv-modules.cache
7f9321398000-7f93213bd000 rw-p 00000000 00:00 0 
7f93213bd000-7f93213c4000 ---p 00000000 00:00 0 
7f93213c4000-7f93213cc000 rw-s 00000000 08:05 3933052                    /tmp/hsperfdata_daria/23471
7f93213cc000-7f93213cd000 ---p 00000000 00:00 0 
7f93213cd000-7f93213ce000 r--p 00000000 00:00 0 
7f93213ce000-7f93213d0000 rw-p 00000000 00:00 0 
7f93213d0000-7f93213d1000 r--p 00027000 08:05 262169                     /lib/x86_64-linux-gnu/ld-2.27.so
7f93213d1000-7f93213d2000 rw-p 00028000 08:05 262169                     /lib/x86_64-linux-gnu/ld-2.27.so
7f93213d2000-7f93213d3000 rw-p 00000000 00:00 0 
7ffedcf6d000-7ffedcf8e000 rw-p 00000000 00:00 0                          [stack]
7ffedcfb9000-7ffedcfbc000 r--p 00000000 00:00 0                          [vvar]
7ffedcfbc000-7ffedcfbe000 r-xp 00000000 00:00 0                          [vdso]
ffffffffff600000-ffffffffff601000 r-xp 00000000 00:00 0                  [vsyscall]


VM Arguments:
jvm_args: -agentlib:jdwp=transport=dt_socket,suspend=y,address=localhost:40767 -ea -javaagent:/home/daria/eclipse-jee-2018-12-R-linux-gtk-x86_64/eclipse/configuration/org.eclipse.osgi/400/0/.cp/lib/javaagent-shaded.jar -Dfile.encoding=UTF-8 
java_command: org.eclipse.jdt.internal.junit.runner.RemoteTestRunner -version 3 -port 36475 -testLoaderClass org.eclipse.jdt.internal.junit5.runner.JUnit5TestLoader -loaderpluginname org.eclipse.jdt.junit5.runtime -test hr.fer.zemris.java.custom.collections.SimpleHashtableTest:testIteratorHasNext -uniqueId [engine:junit-jupiter]/[class:hr.fer.zemris.java.custom.collections.SimpleHashtableTest]/[method:testIteratorHasNext()]
java_class_path (initial): /home/daria/eclipse-workspace/my-hw/hw04-0036480046/target/test-classes:/home/daria/eclipse-workspace/my-hw/hw04-0036480046/target/classes:/home/daria/.m2/repository/org/junit/jupiter/junit-jupiter-api/5.4.0/junit-jupiter-api-5.4.0.jar:/home/daria/.m2/repository/org/apiguardian/apiguardian-api/1.0.0/apiguardian-api-1.0.0.jar:/home/daria/.m2/repository/org/opentest4j/opentest4j/1.1.1/opentest4j-1.1.1.jar:/home/daria/.m2/repository/org/junit/platform/junit-platform-commons/1.4.0/junit-platform-commons-1.4.0.jar:/home/daria/.m2/repository/org/junit/jupiter/junit-jupiter-params/5.4.0/junit-jupiter-params-5.4.0.jar:/home/daria/.m2/repository/org/junit/jupiter/junit-jupiter-engine/5.4.0/junit-jupiter-engine-5.4.0.jar:/home/daria/.m2/repository/org/junit/platform/junit-platform-engine/1.4.0/junit-platform-engine-1.4.0.jar:/home/daria/eclipse-jee-2018-12-R-linux-gtk-x86_64/eclipse/configuration/org.eclipse.osgi/399/0/.cp:/home/daria/eclipse-jee-2018-12-R-linux-gtk-x86_64/eclipse/configuration/org.eclipse.osgi/397/0/.cp:/home/daria/eclipse-jee-2018-12-R-linux-gtk-x86_64/eclipse/configuration/org.eclipse.osgi/924/0/.cp
Launcher Type: SUN_STANDARD

[Global flags]
     intx CICompilerCount                          = 3                                         {product} {ergonomic}
     uint ConcGCThreads                            = 1                                         {product} {ergonomic}
     uint G1ConcRefinementThreads                  = 4                                         {product} {ergonomic}
   size_t G1HeapRegionSize                         = 1048576                                   {product} {ergonomic}
    uintx GCDrainStackTargetSize                   = 64                                        {product} {ergonomic}
   size_t InitialHeapSize                          = 62914560                                  {product} {ergonomic}
   size_t MarkStackSize                            = 4194304                                   {product} {ergonomic}
   size_t MaxHeapSize                              = 996147200                                 {product} {ergonomic}
   size_t MaxNewSize                               = 597688320                                 {product} {ergonomic}
   size_t MinHeapDeltaBytes                        = 1048576                                   {product} {ergonomic}
    uintx NonNMethodCodeHeapSize                   = 5830092                                {pd product} {ergonomic}
    uintx NonProfiledCodeHeapSize                  = 122914074                              {pd product} {ergonomic}
    uintx ProfiledCodeHeapSize                     = 122914074                              {pd product} {ergonomic}
    uintx ReservedCodeCacheSize                    = 251658240                              {pd product} {ergonomic}
     bool SegmentedCodeCache                       = true                                      {product} {ergonomic}
     bool UseCompressedClassPointers               = true                                 {lp64_product} {ergonomic}
     bool UseCompressedOops                        = true                                 {lp64_product} {ergonomic}
     bool UseG1GC                                  = true                                      {product} {ergonomic}

Logging:
Log output configuration:
 #0: stdout all=warning uptime,level,tags
 #1: stderr all=off uptime,level,tags

Environment Variables:
JAVA_HOME=/usr/lib/jvm/default-java
PATH=/home/daria/.local/share/umake/bin:/home/daria/bin:/home/daria/.local/bin:/opt/maven/bin:/usr/local/sbin:/usr/local/bin:/usr/sbin:/usr/bin:/sbin:/bin:/usr/games:/usr/local/games:/snap/bin
USERNAME=daria
SHELL=/bin/bash
DISPLAY=:0

Signal Handlers:
SIGSEGV: [libjvm.so+0xe1ed10], sa_mask[0]=11111111011111111101111111111110, sa_flags=SA_RESTART|SA_SIGINFO
SIGBUS: [libjvm.so+0xe1ed10], sa_mask[0]=11111111011111111101111111111110, sa_flags=SA_RESTART|SA_SIGINFO
SIGFPE: [libjvm.so+0xe1ed10], sa_mask[0]=11111111011111111101111111111110, sa_flags=SA_RESTART|SA_SIGINFO
SIGPIPE: [libjvm.so+0xbf2760], sa_mask[0]=11111111011111111101111111111110, sa_flags=SA_RESTART|SA_SIGINFO
SIGXFSZ: [libjvm.so+0xbf2760], sa_mask[0]=11111111011111111101111111111110, sa_flags=SA_RESTART|SA_SIGINFO
SIGILL: [libjvm.so+0xe1ed10], sa_mask[0]=11111111011111111101111111111110, sa_flags=SA_RESTART|SA_SIGINFO
SIGUSR2: [libjvm.so+0xbf2600], sa_mask[0]=00100000000000000000000000000000, sa_flags=SA_RESTART|SA_SIGINFO
SIGHUP: [libjvm.so+0xbf2960], sa_mask[0]=11111111011111111101111111111110, sa_flags=SA_RESTART|SA_SIGINFO
SIGINT: [libjvm.so+0xbf2960], sa_mask[0]=11111111011111111101111111111110, sa_flags=SA_RESTART|SA_SIGINFO
SIGTERM: [libjvm.so+0xbf2960], sa_mask[0]=11111111011111111101111111111110, sa_flags=SA_RESTART|SA_SIGINFO
SIGQUIT: [libjvm.so+0xbf2960], sa_mask[0]=11111111011111111101111111111110, sa_flags=SA_RESTART|SA_SIGINFO


---------------  S Y S T E M  ---------------

OS:DISTRIB_ID=Ubuntu
DISTRIB_RELEASE=18.04
DISTRIB_CODENAME=bionic
DISTRIB_DESCRIPTION="Ubuntu 18.04.2 LTS"
uname:Linux 4.15.0-46-generic #49-Ubuntu SMP Wed Feb 6 09:33:07 UTC 2019 x86_64
libc:glibc 2.27 NPTL 2.27 
rlimit: STACK 8192k, CORE 0k, NPROC 15012, NOFILE 4096, AS infinity, DATA infinity, FSIZE infinity
load average:2,36 2,67 2,98

/proc/meminfo:
MemTotal:        3886392 kB
MemFree:          300104 kB
MemAvailable:     605984 kB
Buffers:          148904 kB
Cached:           640924 kB
SwapCached:       104780 kB
Active:          2351340 kB
Inactive:         916220 kB
Active(anon):    2183860 kB
Inactive(anon):   617256 kB
Active(file):     167480 kB
Inactive(file):   298964 kB
Unevictable:         260 kB
Mlocked:             260 kB
SwapTotal:       4037628 kB
SwapFree:        2911656 kB
Dirty:               108 kB
Writeback:             0 kB
AnonPages:       2472880 kB
Mapped:           307152 kB
Shmem:            323384 kB
Slab:             151232 kB
SReclaimable:      90144 kB
SUnreclaim:        61088 kB
KernelStack:       15680 kB
PageTables:        73008 kB
NFS_Unstable:          0 kB
Bounce:                0 kB
WritebackTmp:          0 kB
CommitLimit:     5980824 kB
Committed_AS:   10859800 kB
VmallocTotal:   34359738367 kB
VmallocUsed:           0 kB
VmallocChunk:          0 kB
HardwareCorrupted:     0 kB
AnonHugePages:         0 kB
ShmemHugePages:        0 kB
ShmemPmdMapped:        0 kB
CmaTotal:              0 kB
CmaFree:               0 kB
HugePages_Total:       0
HugePages_Free:        0
HugePages_Rsvd:        0
HugePages_Surp:        0
Hugepagesize:       2048 kB
DirectMap4k:      320464 kB
DirectMap2M:     3719168 kB


/proc/sys/kernel/threads-max (system-wide limit on the number of threads):
30024


/proc/sys/vm/max_map_count (maximum number of memory map areas a process may have):
65530


/proc/sys/kernel/pid_max (system-wide limit on number of process identifiers):
32768


container (cgroup) information:
container_type: cgroupv1
cpu_cpuset_cpus: 0-3
cpu_memory_nodes: 0
active_processor_count: 4
cpu_quota: -1
cpu_period: 100000
cpu_shares: -1
memory_limit_in_bytes: -1
memory_and_swap_limit_in_bytes: -2
memory_soft_limit_in_bytes: -1
memory_usage_in_bytes: 3344261120
memory_max_usage_in_bytes: 190926848


CPU:total 4 (initial active 4) (2 cores per cpu, 2 threads per core) family 6 model 58 stepping 9, cmov, cx8, fxsr, mmx, sse, sse2, sse3, ssse3, sse4.1, sse4.2, popcnt, avx, aes, clmul, erms, ht, tsc, tscinvbit, tscinv
CPU Model and flags from /proc/cpuinfo:
model name	: Intel(R) Core(TM) i5-3230M CPU @ 2.60GHz
flags		: fpu vme de pse tsc msr pae mce cx8 apic sep mtrr pge mca cmov pat pse36 clflush dts acpi mmx fxsr sse sse2 ss ht tm pbe syscall nx rdtscp lm constant_tsc arch_perfmon pebs bts rep_good nopl xtopology nonstop_tsc cpuid aperfmperf pni pclmulqdq dtes64 monitor ds_cpl vmx est tm2 ssse3 cx16 xtpr pdcm pcid sse4_1 sse4_2 x2apic popcnt tsc_deadline_timer aes xsave avx f16c rdrand lahf_lm cpuid_fault epb pti ssbd ibrs ibpb stibp tpr_shadow vnmi flexpriority ept vpid fsgsbase smep erms xsaveopt dtherm ida arat pln pts flush_l1d

Memory: 4k page, physical 3886392k(300104k free), swap 4037628k(2911656k free)

vm_info: OpenJDK 64-Bit Server VM (11.0.1+13-Ubuntu-3ubuntu118.04ppa1) for linux-amd64 JRE (11.0.1+13-Ubuntu-3ubuntu118.04ppa1), built on Nov 30 2018 11:27:33 by "buildd" with gcc 7.3.0

END.
